<?xml version="1.0" encoding="UTF-8"?>
<!-- Generated by org.testng.reporters.JUnitReportReporter -->
<testsuite hostname="balakrishnans-MacBook-Air.local" name="mobileapp.tests.LoginTest" tests="1" failures="0" timestamp="22 Dec 2018 04:01:25 GMT" time="62.609" errors="0">
  <testcase name="onboarding" time="62.609" classname="mobileapp.tests.LoginTest"/>
</testsuite> <!-- mobileapp.tests.LoginTest -->
